[2023-11-09 10:59:15,979 ] 160 numexpr.utils - INFO- NumExpr defaulting to 4 threads.
[2023-11-09 10:59:18,385 ] 24 root - INFO- data ingestion has started
[2023-11-09 10:59:18,397 ] 28 root - INFO- dataset read as pandas  dataframe
[2023-11-09 10:59:18,403 ] 34 root - INFO- train test split
[2023-11-09 10:59:18,425 ] 40 root - INFO- ingestion of data is completed
[2023-11-09 10:59:18,459 ] 69 root - INFO- read train and test data completed
[2023-11-09 10:59:18,466 ] 70 root - INFO- train dataframe head: 
   age     sex   bmi  children smoker     region  expenses
0   46  female  20.0         2     no  northwest   9193.84
1   47  female  24.3         0     no  northeast   8534.67
2   52  female  24.9         0     no  southeast  27117.99
3   39  female  34.3         5     no  southeast   8596.83
4   54  female  21.5         3     no  northwest  12475.35
[2023-11-09 10:59:18,483 ] 71 root - INFO- test dataframe head : 
   age     sex   bmi  children smoker     region  expenses
0   45  female  25.2         2     no  northeast   9095.07
1   36  female  30.0         0     no  northwest   5272.18
2   64  female  26.9         0    yes  northwest  29330.98
3   46    male  25.7         3     no  northwest   9301.89
4   19    male  31.9         0    yes  northwest  33750.29
[2023-11-09 10:59:18,484 ] 72 root - INFO- obtaining preprocessing object
[2023-11-09 10:59:18,484 ] 31 root - INFO- data transformation initiated
[2023-11-09 10:59:18,494 ] 82 root - INFO- train dataframe head: 
   age     sex   bmi  children smoker     region
0   46  female  20.0         2     no  northwest
1   47  female  24.3         0     no  northeast
2   52  female  24.9         0     no  southeast
3   39  female  34.3         5     no  southeast
4   54  female  21.5         3     no  northwest
[2023-11-09 10:59:18,495 ] 83 root - INFO- test dataframe head : 
0     9193.84
1     8534.67
2    27117.99
3     8596.83
4    12475.35
[2023-11-09 10:59:18,542 ] 100 root - INFO- applying preprocesssing object on training and testing datasets
[2023-11-09 10:59:18,546 ] 109 root - INFO- preprocessor pickle is created and logged
[2023-11-09 10:59:18,548 ] 110 root - INFO- train dataframe head: 
[[ 4.72226507e-01 -1.74857248e+00  1.02460160e+00 ... -5.99661065e-01
  -5.72314096e-01  9.19384000e+03]
 [ 5.43312939e-01 -1.03670397e+00  1.02460160e+00 ... -5.99661065e-01
  -5.72314096e-01  8.53467000e+03]
 [ 8.98745102e-01 -9.37373479e-01  1.02460160e+00 ...  1.66760869e+00
  -5.72314096e-01  2.71179900e+04]
 ...
 [ 1.32526370e+00 -8.87708234e-01 -9.75989111e-01 ... -5.99661065e-01
  -5.72314096e-01  1.19311300e+04]
 [-1.67551386e-01  2.82063006e+00  1.02460160e+00 ... -5.99661065e-01
   1.74729228e+00  4.61135100e+04]
 [ 1.11200440e+00 -1.09619396e-01 -9.75989111e-01 ... -5.99661065e-01
   1.74729228e+00  1.02146400e+04]]
[2023-11-09 10:59:18,557 ] 111 root - INFO- test dataframe head : 
0        9193.84
1        8534.67
2       27117.99
3        8596.83
4       12475.35
          ...   
1065     4561.19
1066     8582.30
1067    11931.13
1068    46113.51
1069    10214.64
Name: expenses, Length: 1070, dtype: float64
