[2023-11-09 09:15:35,355 ] 160 numexpr.utils - INFO- NumExpr defaulting to 4 threads.
[2023-11-09 09:15:37,132 ] 24 root - INFO- data ingestion has started
[2023-11-09 09:15:37,140 ] 28 root - INFO- dataset read as pandas  dataframe
[2023-11-09 09:15:37,148 ] 34 root - INFO- train test split
[2023-11-09 09:15:37,157 ] 40 root - INFO- ingestion of data is completed
[2023-11-09 09:15:37,173 ] 69 root - INFO- read train and test data completed
[2023-11-09 09:15:37,181 ] 70 root - INFO- train dataframe head: 
   age     sex   bmi  children smoker     region  expenses
0   46  female  20.0         2     no  northwest   9193.84
1   47  female  24.3         0     no  northeast   8534.67
2   52  female  24.9         0     no  southeast  27117.99
3   39  female  34.3         5     no  southeast   8596.83
4   54  female  21.5         3     no  northwest  12475.35
[2023-11-09 09:15:37,198 ] 71 root - INFO- test dataframe head : 
   age     sex   bmi  children smoker     region  expenses
0   45  female  25.2         2     no  northeast   9095.07
1   36  female  30.0         0     no  northwest   5272.18
2   64  female  26.9         0    yes  northwest  29330.98
3   46    male  25.7         3     no  northwest   9301.89
4   19    male  31.9         0    yes  northwest  33750.29
[2023-11-09 09:15:37,198 ] 72 root - INFO- obtaining preprocessing object
[2023-11-09 09:15:37,198 ] 31 root - INFO- data transformation initiated
[2023-11-09 09:15:37,199 ] 82 root - INFO- train dataframe head: 
   age     sex   bmi  children smoker     region
0   46  female  20.0         2     no  northwest
1   47  female  24.3         0     no  northeast
2   52  female  24.9         0     no  southeast
3   39  female  34.3         5     no  southeast
4   54  female  21.5         3     no  northwest
[2023-11-09 09:15:37,199 ] 83 root - INFO- test dataframe head : 
0     9193.84
1     8534.67
2    27117.99
3     8596.83
4    12475.35
[2023-11-09 09:15:37,231 ] 100 root - INFO- applying preprocesssing object on training and testing datasets
[2023-11-09 09:15:37,231 ] 109 root - INFO- preprocessor pickle is created and logged
